/home/roberd/ros2_ws/src/aruco_py/aruco_py/install/aruco_py/lib/python3.10/site-packages/aruco_py/__init__.py
/home/roberd/ros2_ws/src/aruco_py/aruco_py/install/aruco_py/lib/python3.10/site-packages/aruco_py/aruco_node_bck4.py
/home/roberd/ros2_ws/src/aruco_py/aruco_py/install/aruco_py/lib/python3.10/site-packages/aruco_py/aruco_node.py
/home/roberd/ros2_ws/src/aruco_py/aruco_py/install/aruco_py/lib/python3.10/site-packages/aruco_py/__pycache__/__init__.cpython-310.pyc
/home/roberd/ros2_ws/src/aruco_py/aruco_py/install/aruco_py/lib/python3.10/site-packages/aruco_py/__pycache__/aruco_node_bck4.cpython-310.pyc
/home/roberd/ros2_ws/src/aruco_py/aruco_py/install/aruco_py/lib/python3.10/site-packages/aruco_py/__pycache__/aruco_node.cpython-310.pyc
/home/roberd/ros2_ws/src/aruco_py/aruco_py/install/aruco_py/share/ament_index/resource_index/packages/aruco_py
/home/roberd/ros2_ws/src/aruco_py/aruco_py/install/aruco_py/share/aruco_py/package.xml
/home/roberd/ros2_ws/src/aruco_py/aruco_py/install/aruco_py/share/aruco_py/launch/aruco_optimized.launch.py
/home/roberd/ros2_ws/src/aruco_py/aruco_py/install/aruco_py/share/aruco_py/config/camera_720p.yaml
/home/roberd/ros2_ws/src/aruco_py/aruco_py/install/aruco_py/share/aruco_py/config/aruco_advanced.yaml
/home/roberd/ros2_ws/src/aruco_py/aruco_py/install/aruco_py/share/aruco_py/config/camera_c920.yaml
/home/roberd/ros2_ws/src/aruco_py/aruco_py/install/aruco_py/share/aruco_py/scripts/optimize_camera.sh
/home/roberd/ros2_ws/src/aruco_py/aruco_py/install/aruco_py/share/aruco_py/CAMERA_SETUP.md
/home/roberd/ros2_ws/src/aruco_py/aruco_py/install/aruco_py/lib/python3.10/site-packages/aruco_py-0.0.0-py3.10.egg-info/entry_points.txt
/home/roberd/ros2_ws/src/aruco_py/aruco_py/install/aruco_py/lib/python3.10/site-packages/aruco_py-0.0.0-py3.10.egg-info/PKG-INFO
/home/roberd/ros2_ws/src/aruco_py/aruco_py/install/aruco_py/lib/python3.10/site-packages/aruco_py-0.0.0-py3.10.egg-info/requires.txt
/home/roberd/ros2_ws/src/aruco_py/aruco_py/install/aruco_py/lib/python3.10/site-packages/aruco_py-0.0.0-py3.10.egg-info/dependency_links.txt
/home/roberd/ros2_ws/src/aruco_py/aruco_py/install/aruco_py/lib/python3.10/site-packages/aruco_py-0.0.0-py3.10.egg-info/top_level.txt
/home/roberd/ros2_ws/src/aruco_py/aruco_py/install/aruco_py/lib/python3.10/site-packages/aruco_py-0.0.0-py3.10.egg-info/zip-safe
/home/roberd/ros2_ws/src/aruco_py/aruco_py/install/aruco_py/lib/python3.10/site-packages/aruco_py-0.0.0-py3.10.egg-info/SOURCES.txt
/home/roberd/ros2_ws/src/aruco_py/aruco_py/install/aruco_py/lib/aruco_py/aruco_node
